{"/Users/yeehenglau/workspace/interview-asg/url_shortener/src/app.js": {"path":"/Users/yeehenglau/workspace/interview-asg/url_shortener/src/app.js","statementMap":{"0":{"start":{"line":1,"column":16},"end":{"line":1,"column":34}},"1":{"start":{"line":2,"column":17},"end":{"line":2,"column":34}},"2":{"start":{"line":3,"column":12},"end":{"line":3,"column":30}},"3":{"start":{"line":5,"column":12},"end":{"line":5,"column":21}},"4":{"start":{"line":7,"column":25},"end":{"line":7,"column":27}},"5":{"start":{"line":16,"column":0},"end":{"line":16,"column":23}},"6":{"start":{"line":17,"column":0},"end":{"line":40,"column":2}},"7":{"start":{"line":18,"column":13},"end":{"line":18,"column":25}},"8":{"start":{"line":20,"column":1},"end":{"line":20,"column":42}},"9":{"start":{"line":21,"column":1},"end":{"line":23,"column":2}},"10":{"start":{"line":22,"column":2},"end":{"line":22,"column":76}},"11":{"start":{"line":24,"column":1},"end":{"line":26,"column":2}},"12":{"start":{"line":25,"column":2},"end":{"line":25,"column":116}},"13":{"start":{"line":28,"column":1},"end":{"line":31,"column":2}},"14":{"start":{"line":28,"column":34},"end":{"line":28,"column":49}},"15":{"start":{"line":29,"column":2},"end":{"line":29,"column":49}},"16":{"start":{"line":30,"column":2},"end":{"line":30,"column":86}},"17":{"start":{"line":30,"column":65},"end":{"line":30,"column":80}},"18":{"start":{"line":33,"column":1},"end":{"line":37,"column":2}},"19":{"start":{"line":33,"column":69},"end":{"line":33,"column":84}},"20":{"start":{"line":34,"column":13},"end":{"line":34,"column":19}},"21":{"start":{"line":35,"column":2},"end":{"line":35,"column":47}},"22":{"start":{"line":36,"column":2},"end":{"line":36,"column":40}},"23":{"start":{"line":42,"column":0},"end":{"line":60,"column":2}},"24":{"start":{"line":43,"column":12},"end":{"line":43,"column":26}},"25":{"start":{"line":44,"column":15},"end":{"line":44,"column":89}},"26":{"start":{"line":45,"column":1},"end":{"line":47,"column":2}},"27":{"start":{"line":46,"column":2},"end":{"line":46,"column":82}},"28":{"start":{"line":48,"column":1},"end":{"line":50,"column":2}},"29":{"start":{"line":49,"column":2},"end":{"line":49,"column":71}},"30":{"start":{"line":51,"column":1},"end":{"line":53,"column":2}},"31":{"start":{"line":52,"column":2},"end":{"line":52,"column":84}},"32":{"start":{"line":54,"column":1},"end":{"line":59,"column":2}},"33":{"start":{"line":54,"column":35},"end":{"line":54,"column":48}},"34":{"start":{"line":55,"column":2},"end":{"line":55,"column":49}},"35":{"start":{"line":56,"column":2},"end":{"line":56,"column":71}},"36":{"start":{"line":58,"column":2},"end":{"line":58,"column":68}},"37":{"start":{"line":58,"column":49},"end":{"line":58,"column":62}},"38":{"start":{"line":62,"column":21},"end":{"line":69,"column":1}},"39":{"start":{"line":63,"column":1},"end":{"line":68,"column":2}},"40":{"start":{"line":64,"column":3},"end":{"line":64,"column":14}},"41":{"start":{"line":65,"column":3},"end":{"line":65,"column":15}},"42":{"start":{"line":67,"column":3},"end":{"line":67,"column":16}},"43":{"start":{"line":72,"column":0},"end":{"line":72,"column":20}}},"fnMap":{"0":{"name":"(anonymous_0)","decl":{"start":{"line":17,"column":25},"end":{"line":17,"column":26}},"loc":{"start":{"line":17,"column":37},"end":{"line":40,"column":1}},"line":17},"1":{"name":"(anonymous_1)","decl":{"start":{"line":28,"column":29},"end":{"line":28,"column":30}},"loc":{"start":{"line":28,"column":34},"end":{"line":28,"column":49}},"line":28},"2":{"name":"(anonymous_2)","decl":{"start":{"line":30,"column":60},"end":{"line":30,"column":61}},"loc":{"start":{"line":30,"column":65},"end":{"line":30,"column":80}},"line":30},"3":{"name":"(anonymous_3)","decl":{"start":{"line":33,"column":64},"end":{"line":33,"column":65}},"loc":{"start":{"line":33,"column":69},"end":{"line":33,"column":84}},"line":33},"4":{"name":"(anonymous_4)","decl":{"start":{"line":42,"column":29},"end":{"line":42,"column":30}},"loc":{"start":{"line":42,"column":41},"end":{"line":60,"column":1}},"line":42},"5":{"name":"(anonymous_5)","decl":{"start":{"line":54,"column":30},"end":{"line":54,"column":31}},"loc":{"start":{"line":54,"column":35},"end":{"line":54,"column":48}},"line":54},"6":{"name":"(anonymous_6)","decl":{"start":{"line":58,"column":44},"end":{"line":58,"column":45}},"loc":{"start":{"line":58,"column":49},"end":{"line":58,"column":62}},"line":58},"7":{"name":"(anonymous_7)","decl":{"start":{"line":62,"column":21},"end":{"line":62,"column":22}},"loc":{"start":{"line":62,"column":28},"end":{"line":69,"column":1}},"line":62}},"branchMap":{"0":{"loc":{"start":{"line":21,"column":1},"end":{"line":23,"column":2}},"type":"if","locations":[{"start":{"line":21,"column":1},"end":{"line":23,"column":2}},{"start":{},"end":{}}],"line":21},"1":{"loc":{"start":{"line":24,"column":1},"end":{"line":26,"column":2}},"type":"if","locations":[{"start":{"line":24,"column":1},"end":{"line":26,"column":2}},{"start":{},"end":{}}],"line":24},"2":{"loc":{"start":{"line":28,"column":1},"end":{"line":31,"column":2}},"type":"if","locations":[{"start":{"line":28,"column":1},"end":{"line":31,"column":2}},{"start":{},"end":{}}],"line":28},"3":{"loc":{"start":{"line":33,"column":1},"end":{"line":37,"column":2}},"type":"if","locations":[{"start":{"line":33,"column":1},"end":{"line":37,"column":2}},{"start":{},"end":{}}],"line":33},"4":{"loc":{"start":{"line":33,"column":4},"end":{"line":33,"column":85}},"type":"binary-expr","locations":[{"start":{"line":33,"column":4},"end":{"line":33,"column":34}},{"start":{"line":33,"column":38},"end":{"line":33,"column":85}}],"line":33},"5":{"loc":{"start":{"line":45,"column":1},"end":{"line":47,"column":2}},"type":"if","locations":[{"start":{"line":45,"column":1},"end":{"line":47,"column":2}},{"start":{},"end":{}}],"line":45},"6":{"loc":{"start":{"line":48,"column":1},"end":{"line":50,"column":2}},"type":"if","locations":[{"start":{"line":48,"column":1},"end":{"line":50,"column":2}},{"start":{},"end":{}}],"line":48},"7":{"loc":{"start":{"line":51,"column":1},"end":{"line":53,"column":2}},"type":"if","locations":[{"start":{"line":51,"column":1},"end":{"line":53,"column":2}},{"start":{},"end":{}}],"line":51},"8":{"loc":{"start":{"line":54,"column":1},"end":{"line":59,"column":2}},"type":"if","locations":[{"start":{"line":54,"column":1},"end":{"line":59,"column":2}},{"start":{"line":57,"column":6},"end":{"line":59,"column":2}}],"line":54}},"s":{"0":1,"1":1,"2":1,"3":1,"4":1,"5":1,"6":1,"7":3,"8":3,"9":3,"10":0,"11":3,"12":1,"13":3,"14":2,"15":1,"16":1,"17":1,"18":3,"19":2,"20":2,"21":2,"22":2,"23":1,"24":2,"25":2,"26":2,"27":0,"28":2,"29":0,"30":2,"31":0,"32":2,"33":2,"34":1,"35":1,"36":1,"37":1,"38":1,"39":3,"40":3,"41":2,"42":1,"43":1},"f":{"0":3,"1":2,"2":1,"3":2,"4":2,"5":2,"6":1,"7":3},"b":{"0":[0,3],"1":[1,2],"2":[1,2],"3":[2,1],"4":[3,2],"5":[0,2],"6":[0,2],"7":[0,2],"8":[1,1]},"_coverageSchema":"1a1c01bbd47fc00a2c39e90264f33305004495a9","hash":"7000e260b7ddb34a6f08a91917784e444273bb0f"}
}
