TN:
SF:src/app.js
FN:17,(anonymous_0)
FN:28,(anonymous_1)
FN:30,(anonymous_2)
FN:33,(anonymous_3)
FN:42,(anonymous_4)
FN:54,(anonymous_5)
FN:58,(anonymous_6)
FN:62,(anonymous_7)
FNF:8
FNH:8
FNDA:3,(anonymous_0)
FNDA:2,(anonymous_1)
FNDA:1,(anonymous_2)
FNDA:2,(anonymous_3)
FNDA:2,(anonymous_4)
FNDA:2,(anonymous_5)
FNDA:1,(anonymous_6)
FNDA:3,(anonymous_7)
DA:1,1
DA:2,1
DA:3,1
DA:5,1
DA:7,1
DA:16,1
DA:17,1
DA:18,3
DA:20,3
DA:21,3
DA:22,0
DA:24,3
DA:25,1
DA:28,3
DA:29,1
DA:30,1
DA:33,3
DA:34,2
DA:35,2
DA:36,2
DA:42,1
DA:43,2
DA:44,2
DA:45,2
DA:46,0
DA:48,2
DA:49,0
DA:51,2
DA:52,0
DA:54,2
DA:55,1
DA:56,1
DA:58,1
DA:62,1
DA:63,3
DA:64,3
DA:65,2
DA:67,1
DA:72,1
LF:39
LH:35
BRDA:21,0,0,0
BRDA:21,0,1,3
BRDA:24,1,0,1
BRDA:24,1,1,2
BRDA:28,2,0,1
BRDA:28,2,1,2
BRDA:33,3,0,2
BRDA:33,3,1,1
BRDA:33,4,0,3
BRDA:33,4,1,2
BRDA:45,5,0,0
BRDA:45,5,1,2
BRDA:48,6,0,0
BRDA:48,6,1,2
BRDA:51,7,0,0
BRDA:51,7,1,2
BRDA:54,8,0,1
BRDA:54,8,1,1
BRF:18
BRH:14
end_of_record
